<?xml version="1.0" encoding="UTF-8"?>
<testng-results ignored="0" total="1" passed="1" failed="0" skipped="0">
  <reporter-output>
  </reporter-output>
  <suite started-at="2025-05-30T15:01:03 IST" name="Default suite" finished-at="2025-05-30T15:01:03 IST" duration-ms="92">
    <groups>
    </groups>
    <test started-at="2025-05-30T15:01:03 IST" name="Default test" finished-at="2025-05-30T15:01:03 IST" duration-ms="92">
      <class name="ddd.Basic">
        <test-method signature="testOne()[pri:0, instance:ddd.Basic@5be6e01c]" started-at="2025-05-30T15:01:03 IST" name="testOne" finished-at="2025-05-30T15:01:03 IST" duration-ms="23" status="PASS">
          <reporter-output>
          </reporter-output>
        </test-method> <!-- testOne -->
      </class> <!-- ddd.Basic -->
    </test> <!-- Default test -->
  </suite> <!-- Default suite -->
</testng-results>
